[debug] [2025-10-26T01:12:46.595Z] Checked if tokens are valid: false, expires at: 1761426832071
[debug] [2025-10-26T01:12:46.599Z] Checked if tokens are valid: false, expires at: 1761426832071
[debug] [2025-10-26T01:12:46.600Z] > refreshing access token with scopes: []
[debug] [2025-10-26T01:12:46.602Z] >>> [apiv2][query] POST https://www.googleapis.com/oauth2/v3/token [none]
[debug] [2025-10-26T01:12:46.602Z] >>> [apiv2][body] POST https://www.googleapis.com/oauth2/v3/token [omitted]
[debug] [2025-10-26T01:12:46.625Z] Checked if tokens are valid: false, expires at: 1761426832071
[debug] [2025-10-26T01:12:46.625Z] Checked if tokens are valid: false, expires at: 1761426832071
[debug] [2025-10-26T01:12:46.626Z] > refreshing access token with scopes: []
[debug] [2025-10-26T01:12:46.626Z] >>> [apiv2][query] POST https://www.googleapis.com/oauth2/v3/token [none]
[debug] [2025-10-26T01:12:46.626Z] >>> [apiv2][body] POST https://www.googleapis.com/oauth2/v3/token [omitted]
[debug] [2025-10-26T01:12:46.629Z] Checked if tokens are valid: false, expires at: 1761426832071
[debug] [2025-10-26T01:12:46.629Z] Checked if tokens are valid: false, expires at: 1761426832071
[debug] [2025-10-26T01:12:46.629Z] > refreshing access token with scopes: []
[debug] [2025-10-26T01:12:46.630Z] >>> [apiv2][query] POST https://www.googleapis.com/oauth2/v3/token [none]
[debug] [2025-10-26T01:12:46.630Z] >>> [apiv2][body] POST https://www.googleapis.com/oauth2/v3/token [omitted]
[debug] [2025-10-26T01:12:46.632Z] Checked if tokens are valid: false, expires at: 1761426832071
[debug] [2025-10-26T01:12:46.633Z] Checked if tokens are valid: false, expires at: 1761426832071
[debug] [2025-10-26T01:12:46.633Z] > refreshing access token with scopes: []
[debug] [2025-10-26T01:12:46.633Z] >>> [apiv2][query] POST https://www.googleapis.com/oauth2/v3/token [none]
[debug] [2025-10-26T01:12:46.633Z] >>> [apiv2][body] POST https://www.googleapis.com/oauth2/v3/token [omitted]
[debug] [2025-10-26T01:12:46.665Z] Checked if tokens are valid: false, expires at: 1761426832071
[debug] [2025-10-26T01:12:46.665Z] Checked if tokens are valid: false, expires at: 1761426832071
[debug] [2025-10-26T01:12:46.665Z] > refreshing access token with scopes: []
[debug] [2025-10-26T01:12:46.666Z] >>> [apiv2][query] POST https://www.googleapis.com/oauth2/v3/token [none]
[debug] [2025-10-26T01:12:46.666Z] >>> [apiv2][body] POST https://www.googleapis.com/oauth2/v3/token [omitted]
[debug] [2025-10-26T01:12:46.668Z] Checked if tokens are valid: false, expires at: 1761426832071
[debug] [2025-10-26T01:12:46.669Z] Checked if tokens are valid: false, expires at: 1761426832071
[debug] [2025-10-26T01:12:46.669Z] > refreshing access token with scopes: []
[debug] [2025-10-26T01:12:46.669Z] >>> [apiv2][query] POST https://www.googleapis.com/oauth2/v3/token [none]
[debug] [2025-10-26T01:12:46.669Z] >>> [apiv2][body] POST https://www.googleapis.com/oauth2/v3/token [omitted]
[debug] [2025-10-26T01:12:46.671Z] Checked if tokens are valid: false, expires at: 1761426832071
[debug] [2025-10-26T01:12:46.671Z] Checked if tokens are valid: false, expires at: 1761426832071
[debug] [2025-10-26T01:12:46.671Z] > refreshing access token with scopes: []
[debug] [2025-10-26T01:12:46.671Z] >>> [apiv2][query] POST https://www.googleapis.com/oauth2/v3/token [none]
[debug] [2025-10-26T01:12:46.671Z] >>> [apiv2][body] POST https://www.googleapis.com/oauth2/v3/token [omitted]
[debug] [2025-10-26T01:12:46.672Z] Checked if tokens are valid: false, expires at: 1761426832071
[debug] [2025-10-26T01:12:46.673Z] Checked if tokens are valid: false, expires at: 1761426832071
[debug] [2025-10-26T01:12:46.673Z] > refreshing access token with scopes: []
[debug] [2025-10-26T01:12:46.673Z] >>> [apiv2][query] POST https://www.googleapis.com/oauth2/v3/token [none]
[debug] [2025-10-26T01:12:46.673Z] >>> [apiv2][body] POST https://www.googleapis.com/oauth2/v3/token [omitted]
[debug] [2025-10-26T01:12:46.803Z] <<< [apiv2][status] POST https://www.googleapis.com/oauth2/v3/token 200
[debug] [2025-10-26T01:12:46.804Z] <<< [apiv2][body] POST https://www.googleapis.com/oauth2/v3/token [omitted]
[debug] [2025-10-26T01:12:46.813Z] >>> [apiv2][query] GET https://serviceusage.googleapis.com/v1/projects/gmshooter/services/ [none]
[debug] [2025-10-26T01:12:46.813Z] >>> [apiv2][(partial)header] GET https://serviceusage.googleapis.com/v1/projects/gmshooter/services/ x-goog-quota-user=projects/gmshooter
[debug] [2025-10-26T01:12:46.816Z] <<< [apiv2][status] POST https://www.googleapis.com/oauth2/v3/token 200
[debug] [2025-10-26T01:12:46.816Z] <<< [apiv2][body] POST https://www.googleapis.com/oauth2/v3/token [omitted]
[debug] [2025-10-26T01:12:46.823Z] >>> [apiv2][query] GET https://serviceusage.googleapis.com/v1/projects/gmshooter/services/firebaseapphosting.googleapis.com [none]
[debug] [2025-10-26T01:12:46.823Z] >>> [apiv2][(partial)header] GET https://serviceusage.googleapis.com/v1/projects/gmshooter/services/firebaseapphosting.googleapis.com x-goog-quota-user=projects/gmshooter
[debug] [2025-10-26T01:12:46.829Z] <<< [apiv2][status] POST https://www.googleapis.com/oauth2/v3/token 200
[debug] [2025-10-26T01:12:46.829Z] <<< [apiv2][body] POST https://www.googleapis.com/oauth2/v3/token [omitted]
[debug] [2025-10-26T01:12:46.837Z] >>> [apiv2][query] GET https://serviceusage.googleapis.com/v1/projects/gmshooter/services/firebasecrashlytics.googleapis.com [none]
[debug] [2025-10-26T01:12:46.837Z] >>> [apiv2][(partial)header] GET https://serviceusage.googleapis.com/v1/projects/gmshooter/services/firebasecrashlytics.googleapis.com x-goog-quota-user=projects/gmshooter
[debug] [2025-10-26T01:12:46.838Z] <<< [apiv2][status] POST https://www.googleapis.com/oauth2/v3/token 200
[debug] [2025-10-26T01:12:46.839Z] <<< [apiv2][body] POST https://www.googleapis.com/oauth2/v3/token [omitted]
[debug] [2025-10-26T01:12:46.845Z] >>> [apiv2][query] GET https://serviceusage.googleapis.com/v1/projects/gmshooter/services/firebaseio.com [none]
[debug] [2025-10-26T01:12:46.845Z] >>> [apiv2][(partial)header] GET https://serviceusage.googleapis.com/v1/projects/gmshooter/services/firebaseio.com x-goog-quota-user=projects/gmshooter
[debug] [2025-10-26T01:12:46.846Z] <<< [apiv2][status] POST https://www.googleapis.com/oauth2/v3/token 200
[debug] [2025-10-26T01:12:46.846Z] <<< [apiv2][body] POST https://www.googleapis.com/oauth2/v3/token [omitted]
[debug] [2025-10-26T01:12:46.855Z] >>> [apiv2][query] GET https://serviceusage.googleapis.com/v1/projects/gmshooter/services/firebasecrashlytics.googleapis.com [none]
[debug] [2025-10-26T01:12:46.855Z] >>> [apiv2][(partial)header] GET https://serviceusage.googleapis.com/v1/projects/gmshooter/services/firebasecrashlytics.googleapis.com x-goog-quota-user=projects/gmshooter
[debug] [2025-10-26T01:12:46.856Z] <<< [apiv2][status] POST https://www.googleapis.com/oauth2/v3/token 200
[debug] [2025-10-26T01:12:46.856Z] <<< [apiv2][body] POST https://www.googleapis.com/oauth2/v3/token [omitted]
[debug] [2025-10-26T01:12:46.862Z] >>> [apiv2][query] GET https://serviceusage.googleapis.com/v1/projects/gmshooter/services/ [none]
[debug] [2025-10-26T01:12:46.862Z] >>> [apiv2][(partial)header] GET https://serviceusage.googleapis.com/v1/projects/gmshooter/services/ x-goog-quota-user=projects/gmshooter
[debug] [2025-10-26T01:12:46.864Z] <<< [apiv2][status] POST https://www.googleapis.com/oauth2/v3/token 200
[debug] [2025-10-26T01:12:46.864Z] <<< [apiv2][body] POST https://www.googleapis.com/oauth2/v3/token [omitted]
[debug] [2025-10-26T01:12:46.871Z] >>> [apiv2][query] GET https://serviceusage.googleapis.com/v1/projects/gmshooter/services/firebaseapphosting.googleapis.com [none]
[debug] [2025-10-26T01:12:46.871Z] >>> [apiv2][(partial)header] GET https://serviceusage.googleapis.com/v1/projects/gmshooter/services/firebaseapphosting.googleapis.com x-goog-quota-user=projects/gmshooter
[debug] [2025-10-26T01:12:46.872Z] <<< [apiv2][status] POST https://www.googleapis.com/oauth2/v3/token 200
[debug] [2025-10-26T01:12:46.872Z] <<< [apiv2][body] POST https://www.googleapis.com/oauth2/v3/token [omitted]
[debug] [2025-10-26T01:12:46.879Z] >>> [apiv2][query] GET https://serviceusage.googleapis.com/v1/projects/gmshooter/services/firebaseio.com [none]
[debug] [2025-10-26T01:12:46.879Z] >>> [apiv2][(partial)header] GET https://serviceusage.googleapis.com/v1/projects/gmshooter/services/firebaseio.com x-goog-quota-user=projects/gmshooter
[debug] [2025-10-26T01:12:47.836Z] <<< [apiv2][status] GET https://serviceusage.googleapis.com/v1/projects/gmshooter/services/firebaseio.com 403
[debug] [2025-10-26T01:12:47.836Z] <<< [apiv2][body] GET https://serviceusage.googleapis.com/v1/projects/gmshooter/services/firebaseio.com [omitted]
[debug] [2025-10-26T01:12:47.838Z] <<< [apiv2][status] GET https://serviceusage.googleapis.com/v1/projects/gmshooter/services/firebaseio.com 403
[debug] [2025-10-26T01:12:47.838Z] <<< [apiv2][body] GET https://serviceusage.googleapis.com/v1/projects/gmshooter/services/firebaseio.com [omitted]
[debug] [2025-10-26T01:12:47.931Z] <<< [apiv2][status] GET https://serviceusage.googleapis.com/v1/projects/gmshooter/services/firebaseapphosting.googleapis.com 200
[debug] [2025-10-26T01:12:47.931Z] <<< [apiv2][body] GET https://serviceusage.googleapis.com/v1/projects/gmshooter/services/firebaseapphosting.googleapis.com [omitted]
[debug] [2025-10-26T01:12:47.934Z] <<< [apiv2][status] GET https://serviceusage.googleapis.com/v1/projects/gmshooter/services/firebasecrashlytics.googleapis.com 200
[debug] [2025-10-26T01:12:47.934Z] <<< [apiv2][body] GET https://serviceusage.googleapis.com/v1/projects/gmshooter/services/firebasecrashlytics.googleapis.com [omitted]
[debug] [2025-10-26T01:12:47.937Z] <<< [apiv2][status] GET https://serviceusage.googleapis.com/v1/projects/gmshooter/services/firebasecrashlytics.googleapis.com 200
[debug] [2025-10-26T01:12:47.937Z] <<< [apiv2][body] GET https://serviceusage.googleapis.com/v1/projects/gmshooter/services/firebasecrashlytics.googleapis.com [omitted]
[debug] [2025-10-26T01:12:47.937Z] <<< [apiv2][status] GET https://serviceusage.googleapis.com/v1/projects/gmshooter/services/firebaseapphosting.googleapis.com 200
[debug] [2025-10-26T01:12:47.938Z] <<< [apiv2][body] GET https://serviceusage.googleapis.com/v1/projects/gmshooter/services/firebaseapphosting.googleapis.com [omitted]
[debug] [2025-10-26T01:12:48.309Z] <<< [apiv2][status] GET https://serviceusage.googleapis.com/v1/projects/gmshooter/services/ 200
[debug] [2025-10-26T01:12:48.309Z] <<< [apiv2][body] GET https://serviceusage.googleapis.com/v1/projects/gmshooter/services/ [omitted]
[debug] [2025-10-26T01:12:48.310Z] <<< [apiv2][status] GET https://serviceusage.googleapis.com/v1/projects/gmshooter/services/ 200
[debug] [2025-10-26T01:12:48.310Z] <<< [apiv2][body] GET https://serviceusage.googleapis.com/v1/projects/gmshooter/services/ [omitted]
[debug] [2025-10-26T01:12:48.317Z] > command requires scopes: ["email","openid","https://www.googleapis.com/auth/cloudplatformprojects.readonly","https://www.googleapis.com/auth/firebase","https://www.googleapis.com/auth/cloud-platform"]
[debug] [2025-10-26T01:12:48.318Z] > authorizing via signed-in user (shovalb9@gmail.com)
